This is pdfTeX, Version 3.141592653-2.6-1.40.24 (MiKTeX 22.7.30) (preloaded format=pdflatex 2022.8.2)  24 AUG 2022 08:10
entering extended mode
 restricted \write18 enabled.
 %&-line parsing enabled.
**./TFG_Slides.tex
(TFG_Slides.tex
LaTeX2e <2022-06-01> patch level 5
L3 programming layer <2022-07-15>
(C:\Users\marti\AppData\Local\Programs\MiKTeX\tex/latex/beamer\beamer.cls
Document Class: beamer 2022/05/17 v3.67 A class for typesetting presentations

(C:\Users\marti\AppData\Local\Programs\MiKTeX\tex/latex/beamer\beamerbasemodes.
sty
(C:\Users\marti\AppData\Local\Programs\MiKTeX\tex/latex/etoolbox\etoolbox.sty
Package: etoolbox 2020/10/05 v2.5k e-TeX tools for LaTeX (JAW)
\etb@tempcnta=\count185
)
\beamer@tempbox=\box51
\beamer@tempcount=\count186
\c@beamerpauses=\count187

(C:\Users\marti\AppData\Local\Programs\MiKTeX\tex/latex/beamer\beamerbasedecode
.sty
\beamer@slideinframe=\count188
\beamer@minimum=\count189
\beamer@decode@box=\box52
)
\beamer@commentbox=\box53
\beamer@modecount=\count190
)
(C:\Users\marti\AppData\Local\Programs\MiKTeX\tex/generic/iftex\iftex.sty
Package: iftex 2022/02/03 v1.0f TeX engine tests
)
\headdp=\dimen138
\footheight=\dimen139
\sidebarheight=\dimen140
\beamer@tempdim=\dimen141
\beamer@finalheight=\dimen142
\beamer@animht=\dimen143
\beamer@animdp=\dimen144
\beamer@animwd=\dimen145
\beamer@leftmargin=\dimen146
\beamer@rightmargin=\dimen147
\beamer@leftsidebar=\dimen148
\beamer@rightsidebar=\dimen149
\beamer@boxsize=\dimen150
\beamer@vboxoffset=\dimen151
\beamer@descdefault=\dimen152
\beamer@descriptionwidth=\dimen153
\beamer@lastskip=\skip47
\beamer@areabox=\box54
\beamer@animcurrent=\box55
\beamer@animshowbox=\box56
\beamer@sectionbox=\box57
\beamer@logobox=\box58
\beamer@linebox=\box59
\beamer@sectioncount=\count191
\beamer@subsubsectionmax=\count192
\beamer@subsectionmax=\count193
\beamer@sectionmax=\count194
\beamer@totalheads=\count195
\beamer@headcounter=\count196
\beamer@partstartpage=\count197
\beamer@sectionstartpage=\count198
\beamer@subsectionstartpage=\count199
\beamer@animationtempa=\count266
\beamer@animationtempb=\count267
\beamer@xpos=\count268
\beamer@ypos=\count269
\beamer@ypos@offset=\count270
\beamer@showpartnumber=\count271
\beamer@currentsubsection=\count272
\beamer@coveringdepth=\count273
\beamer@sectionadjust=\count274
\beamer@toclastsection=\count275
\beamer@tocsectionnumber=\count276

(C:\Users\marti\AppData\Local\Programs\MiKTeX\tex/latex/beamer\beamerbaseoption
s.sty
(C:\Users\marti\AppData\Local\Programs\MiKTeX\tex/latex/graphics\keyval.sty
Package: keyval 2022/05/29 v1.15 key=value parser (DPC)
\KV@toks@=\toks16
))
\beamer@paperwidth=\skip48
\beamer@paperheight=\skip49

(C:\Users\marti\AppData\Local\Programs\MiKTeX\tex/latex/geometry\geometry.sty
Package: geometry 2020/01/02 v5.9 Page Geometry

(C:\Users\marti\AppData\Local\Programs\MiKTeX\tex/generic/iftex\ifvtex.sty
Package: ifvtex 2019/10/25 v1.7 ifvtex legacy package. Use iftex instead.
)
\Gm@cnth=\count277
\Gm@cntv=\count278
\c@Gm@tempcnt=\count279
\Gm@bindingoffset=\dimen154
\Gm@wd@mp=\dimen155
\Gm@odd@mp=\dimen156
\Gm@even@mp=\dimen157
\Gm@layoutwidth=\dimen158
\Gm@layoutheight=\dimen159
\Gm@layouthoffset=\dimen160
\Gm@layoutvoffset=\dimen161
\Gm@dimlist=\toks17

(C:\Users\marti\AppData\Local\Programs\MiKTeX\tex/latex/geometry\geometry.cfg))
(C:\Users\marti\AppData\Local\Programs\MiKTeX\tex/latex/pgf/math\pgfmath.sty
(C:\Users\marti\AppData\Local\Programs\MiKTeX\tex/latex/pgf/utilities\pgfrcs.st
y
(C:\Users\marti\AppData\Local\Programs\MiKTeX\tex/generic/pgf/utilities\pgfutil
-common.tex
\pgfutil@everybye=\toks18
\pgfutil@tempdima=\dimen162
\pgfutil@tempdimb=\dimen163

(C:\Users\marti\AppData\Local\Programs\MiKTeX\tex/generic/pgf/utilities\pgfutil
-common-lists.tex))
(C:\Users\marti\AppData\Local\Programs\MiKTeX\tex/generic/pgf/utilities\pgfutil
-latex.def
\pgfutil@abb=\box60
)
(C:\Users\marti\AppData\Local\Programs\MiKTeX\tex/generic/pgf/utilities\pgfrcs.
code.tex
(C:\Users\marti\AppData\Local\Programs\MiKTeX\tex/generic/pgf\pgf.revision.tex)
Package: pgfrcs 2021/05/15 v3.1.9a (3.1.9a)
))
(C:\Users\marti\AppData\Local\Programs\MiKTeX\tex/latex/pgf/utilities\pgfkeys.s
ty
(C:\Users\marti\AppData\Local\Programs\MiKTeX\tex/generic/pgf/utilities\pgfkeys
.code.tex
\pgfkeys@pathtoks=\toks19
\pgfkeys@temptoks=\toks20

(C:\Users\marti\AppData\Local\Programs\MiKTeX\tex/generic/pgf/utilities\pgfkeys
filtered.code.tex
\pgfkeys@tmptoks=\toks21
)))
(C:\Users\marti\AppData\Local\Programs\MiKTeX\tex/generic/pgf/math\pgfmath.code
.tex
(C:\Users\marti\AppData\Local\Programs\MiKTeX\tex/generic/pgf/math\pgfmathcalc.
code.tex
(C:\Users\marti\AppData\Local\Programs\MiKTeX\tex/generic/pgf/math\pgfmathutil.
code.tex
\pgf@x=\dimen164
\pgf@xa=\dimen165
\pgf@xb=\dimen166
\pgf@xc=\dimen167
\pgf@y=\dimen168
\pgf@ya=\dimen169
\pgf@yb=\dimen170
\pgf@yc=\dimen171
\c@pgf@counta=\count280
\c@pgf@countb=\count281
\c@pgf@countc=\count282
\c@pgf@countd=\count283
)
(C:\Users\marti\AppData\Local\Programs\MiKTeX\tex/generic/pgf/math\pgfmathparse
r.code.tex
\pgfmath@dimen=\dimen172
\pgfmath@count=\count284
\pgfmath@box=\box61
\pgfmath@toks=\toks22
\pgfmath@stack@operand=\toks23
\pgfmath@stack@operation=\toks24
)
(C:\Users\marti\AppData\Local\Programs\MiKTeX\tex/generic/pgf/math\pgfmathfunct
ions.code.tex
(C:\Users\marti\AppData\Local\Programs\MiKTeX\tex/generic/pgf/math\pgfmathfunct
ions.basic.code.tex)
(C:\Users\marti\AppData\Local\Programs\MiKTeX\tex/generic/pgf/math\pgfmathfunct
ions.trigonometric.code.tex)
(C:\Users\marti\AppData\Local\Programs\MiKTeX\tex/generic/pgf/math\pgfmathfunct
ions.random.code.tex)
(C:\Users\marti\AppData\Local\Programs\MiKTeX\tex/generic/pgf/math\pgfmathfunct
ions.comparison.code.tex)
(C:\Users\marti\AppData\Local\Programs\MiKTeX\tex/generic/pgf/math\pgfmathfunct
ions.base.code.tex)
(C:\Users\marti\AppData\Local\Programs\MiKTeX\tex/generic/pgf/math\pgfmathfunct
ions.round.code.tex)
(C:\Users\marti\AppData\Local\Programs\MiKTeX\tex/generic/pgf/math\pgfmathfunct
ions.misc.code.tex)
(C:\Users\marti\AppData\Local\Programs\MiKTeX\tex/generic/pgf/math\pgfmathfunct
ions.integerarithmetics.code.tex)))
(C:\Users\marti\AppData\Local\Programs\MiKTeX\tex/generic/pgf/math\pgfmathfloat
.code.tex
\c@pgfmathroundto@lastzeros=\count285
)))
(C:\Users\marti\AppData\Local\Programs\MiKTeX\tex/latex/base\size11.clo
File: size11.clo 2021/10/04 v1.4n Standard LaTeX file (size option)
)
(C:\Users\marti\AppData\Local\Programs\MiKTeX\tex/latex/pgf/basiclayer\pgfcore.
sty
(C:\Users\marti\AppData\Local\Programs\MiKTeX\tex/latex/graphics\graphicx.sty
Package: graphicx 2021/09/16 v1.2d Enhanced LaTeX Graphics (DPC,SPQR)

(C:\Users\marti\AppData\Local\Programs\MiKTeX\tex/latex/graphics\graphics.sty
Package: graphics 2022/03/10 v1.4e Standard LaTeX Graphics (DPC,SPQR)

(C:\Users\marti\AppData\Local\Programs\MiKTeX\tex/latex/graphics\trig.sty
Package: trig 2021/08/11 v1.11 sin cos tan (DPC)
)
(C:\Users\marti\AppData\Local\Programs\MiKTeX\tex/latex/graphics-cfg\graphics.c
fg
File: graphics.cfg 2016/06/04 v1.11 sample graphics configuration
)
Package graphics Info: Driver file: pdftex.def on input line 107.

(C:\Users\marti\AppData\Local\Programs\MiKTeX\tex/latex/graphics-def\pdftex.def
File: pdftex.def 2020/10/05 v1.2a Graphics/color driver for pdftex
))
\Gin@req@height=\dimen173
\Gin@req@width=\dimen174
)
(C:\Users\marti\AppData\Local\Programs\MiKTeX\tex/latex/pgf/systemlayer\pgfsys.
sty
(C:\Users\marti\AppData\Local\Programs\MiKTeX\tex/generic/pgf/systemlayer\pgfsy
s.code.tex
Package: pgfsys 2021/05/15 v3.1.9a (3.1.9a)

(C:\Users\marti\AppData\Local\Programs\MiKTeX\tex/generic/pgf/utilities\pgfkeys
.code.tex)
\pgf@x=\dimen175
\pgf@y=\dimen176
\pgf@xa=\dimen177
\pgf@ya=\dimen178
\pgf@xb=\dimen179
\pgf@yb=\dimen180
\pgf@xc=\dimen181
\pgf@yc=\dimen182
\pgf@xd=\dimen183
\pgf@yd=\dimen184
\w@pgf@writea=\write3
\r@pgf@reada=\read2
\c@pgf@counta=\count286
\c@pgf@countb=\count287
\c@pgf@countc=\count288
\c@pgf@countd=\count289
\t@pgf@toka=\toks25
\t@pgf@tokb=\toks26
\t@pgf@tokc=\toks27
\pgf@sys@id@count=\count290

(C:\Users\marti\AppData\Local\Programs\MiKTeX\tex/generic/pgf/systemlayer\pgf.c
fg
File: pgf.cfg 2021/05/15 v3.1.9a (3.1.9a)
)
Driver file for pgf: pgfsys-pdftex.def

(C:\Users\marti\AppData\Local\Programs\MiKTeX\tex/generic/pgf/systemlayer\pgfsy
s-pdftex.def
File: pgfsys-pdftex.def 2021/05/15 v3.1.9a (3.1.9a)

(C:\Users\marti\AppData\Local\Programs\MiKTeX\tex/generic/pgf/systemlayer\pgfsy
s-common-pdf.def
File: pgfsys-common-pdf.def 2021/05/15 v3.1.9a (3.1.9a)
)))
(C:\Users\marti\AppData\Local\Programs\MiKTeX\tex/generic/pgf/systemlayer\pgfsy
ssoftpath.code.tex
File: pgfsyssoftpath.code.tex 2021/05/15 v3.1.9a (3.1.9a)
\pgfsyssoftpath@smallbuffer@items=\count291
\pgfsyssoftpath@bigbuffer@items=\count292
)
(C:\Users\marti\AppData\Local\Programs\MiKTeX\tex/generic/pgf/systemlayer\pgfsy
sprotocol.code.tex
File: pgfsysprotocol.code.tex 2021/05/15 v3.1.9a (3.1.9a)
))
(C:\Users\marti\AppData\Local\Programs\MiKTeX\tex/latex/xcolor\xcolor.sty
Package: xcolor 2022/06/12 v2.14 LaTeX color extensions (UK)

(C:\Users\marti\AppData\Local\Programs\MiKTeX\tex/latex/graphics-cfg\color.cfg
File: color.cfg 2016/01/02 v1.6 sample color configuration
)
Package xcolor Info: Driver file: pdftex.def on input line 227.

(C:\Users\marti\AppData\Local\Programs\MiKTeX\tex/latex-dev/graphics\mathcolor.
ltx)
Package xcolor Info: Model `cmy' substituted by `cmy0' on input line 1353.
Package xcolor Info: Model `hsb' substituted by `rgb' on input line 1357.
Package xcolor Info: Model `RGB' extended on input line 1369.
Package xcolor Info: Model `HTML' substituted by `rgb' on input line 1371.
Package xcolor Info: Model `Hsb' substituted by `hsb' on input line 1372.
Package xcolor Info: Model `tHsb' substituted by `hsb' on input line 1373.
Package xcolor Info: Model `HSB' substituted by `hsb' on input line 1374.
Package xcolor Info: Model `Gray' substituted by `gray' on input line 1375.
Package xcolor Info: Model `wave' substituted by `hsb' on input line 1376.
)
(C:\Users\marti\AppData\Local\Programs\MiKTeX\tex/generic/pgf/basiclayer\pgfcor
e.code.tex
Package: pgfcore 2021/05/15 v3.1.9a (3.1.9a)

(C:\Users\marti\AppData\Local\Programs\MiKTeX\tex/generic/pgf/math\pgfmath.code
.tex)
(C:\Users\marti\AppData\Local\Programs\MiKTeX\tex/generic/pgf/math\pgfint.code.
tex)
(C:\Users\marti\AppData\Local\Programs\MiKTeX\tex/generic/pgf/basiclayer\pgfcor
epoints.code.tex
File: pgfcorepoints.code.tex 2021/05/15 v3.1.9a (3.1.9a)
\pgf@picminx=\dimen185
\pgf@picmaxx=\dimen186
\pgf@picminy=\dimen187
\pgf@picmaxy=\dimen188
\pgf@pathminx=\dimen189
\pgf@pathmaxx=\dimen190
\pgf@pathminy=\dimen191
\pgf@pathmaxy=\dimen192
\pgf@xx=\dimen193
\pgf@xy=\dimen194
\pgf@yx=\dimen195
\pgf@yy=\dimen196
\pgf@zx=\dimen197
\pgf@zy=\dimen198
)
(C:\Users\marti\AppData\Local\Programs\MiKTeX\tex/generic/pgf/basiclayer\pgfcor
epathconstruct.code.tex
File: pgfcorepathconstruct.code.tex 2021/05/15 v3.1.9a (3.1.9a)
\pgf@path@lastx=\dimen199
\pgf@path@lasty=\dimen256
)
(C:\Users\marti\AppData\Local\Programs\MiKTeX\tex/generic/pgf/basiclayer\pgfcor
epathusage.code.tex
File: pgfcorepathusage.code.tex 2021/05/15 v3.1.9a (3.1.9a)
\pgf@shorten@end@additional=\dimen257
\pgf@shorten@start@additional=\dimen258
)
(C:\Users\marti\AppData\Local\Programs\MiKTeX\tex/generic/pgf/basiclayer\pgfcor
escopes.code.tex
File: pgfcorescopes.code.tex 2021/05/15 v3.1.9a (3.1.9a)
\pgfpic=\box62
\pgf@hbox=\box63
\pgf@layerbox@main=\box64
\pgf@picture@serial@count=\count293
)
(C:\Users\marti\AppData\Local\Programs\MiKTeX\tex/generic/pgf/basiclayer\pgfcor
egraphicstate.code.tex
File: pgfcoregraphicstate.code.tex 2021/05/15 v3.1.9a (3.1.9a)
\pgflinewidth=\dimen259
)
(C:\Users\marti\AppData\Local\Programs\MiKTeX\tex/generic/pgf/basiclayer\pgfcor
etransformations.code.tex
File: pgfcoretransformations.code.tex 2021/05/15 v3.1.9a (3.1.9a)
\pgf@pt@x=\dimen260
\pgf@pt@y=\dimen261
\pgf@pt@temp=\dimen262
)
(C:\Users\marti\AppData\Local\Programs\MiKTeX\tex/generic/pgf/basiclayer\pgfcor
equick.code.tex
File: pgfcorequick.code.tex 2021/05/15 v3.1.9a (3.1.9a)
)
(C:\Users\marti\AppData\Local\Programs\MiKTeX\tex/generic/pgf/basiclayer\pgfcor
eobjects.code.tex
File: pgfcoreobjects.code.tex 2021/05/15 v3.1.9a (3.1.9a)
)
(C:\Users\marti\AppData\Local\Programs\MiKTeX\tex/generic/pgf/basiclayer\pgfcor
epathprocessing.code.tex
File: pgfcorepathprocessing.code.tex 2021/05/15 v3.1.9a (3.1.9a)
)
(C:\Users\marti\AppData\Local\Programs\MiKTeX\tex/generic/pgf/basiclayer\pgfcor
earrows.code.tex
File: pgfcorearrows.code.tex 2021/05/15 v3.1.9a (3.1.9a)
\pgfarrowsep=\dimen263
)
(C:\Users\marti\AppData\Local\Programs\MiKTeX\tex/generic/pgf/basiclayer\pgfcor
eshade.code.tex
File: pgfcoreshade.code.tex 2021/05/15 v3.1.9a (3.1.9a)
\pgf@max=\dimen264
\pgf@sys@shading@range@num=\count294
\pgf@shadingcount=\count295
)
(C:\Users\marti\AppData\Local\Programs\MiKTeX\tex/generic/pgf/basiclayer\pgfcor
eimage.code.tex
File: pgfcoreimage.code.tex 2021/05/15 v3.1.9a (3.1.9a)

(C:\Users\marti\AppData\Local\Programs\MiKTeX\tex/generic/pgf/basiclayer\pgfcor
eexternal.code.tex
File: pgfcoreexternal.code.tex 2021/05/15 v3.1.9a (3.1.9a)
\pgfexternal@startupbox=\box65
))
(C:\Users\marti\AppData\Local\Programs\MiKTeX\tex/generic/pgf/basiclayer\pgfcor
elayers.code.tex
File: pgfcorelayers.code.tex 2021/05/15 v3.1.9a (3.1.9a)
)
(C:\Users\marti\AppData\Local\Programs\MiKTeX\tex/generic/pgf/basiclayer\pgfcor
etransparency.code.tex
File: pgfcoretransparency.code.tex 2021/05/15 v3.1.9a (3.1.9a)
)
(C:\Users\marti\AppData\Local\Programs\MiKTeX\tex/generic/pgf/basiclayer\pgfcor
epatterns.code.tex
File: pgfcorepatterns.code.tex 2021/05/15 v3.1.9a (3.1.9a)
)
(C:\Users\marti\AppData\Local\Programs\MiKTeX\tex/generic/pgf/basiclayer\pgfcor
erdf.code.tex
File: pgfcorerdf.code.tex 2021/05/15 v3.1.9a (3.1.9a)
)))
(C:\Users\marti\AppData\Local\Programs\MiKTeX\tex/latex/pgf/utilities\xxcolor.s
ty
Package: xxcolor 2003/10/24 ver 0.1
\XC@nummixins=\count296
\XC@countmixins=\count297
)
(C:\Users\marti\AppData\Local\Programs\MiKTeX\tex/latex/base\atbegshi-ltx.sty
Package: atbegshi-ltx 2021/01/10 v1.0c Emulation of the original atbegshi
package with kernel methods
)
(C:\Users\marti\AppData\Local\Programs\MiKTeX\tex/latex/hyperref\hyperref.sty
Package: hyperref 2022-06-20 v7.00s Hypertext links for LaTeX

(C:\Users\marti\AppData\Local\Programs\MiKTeX\tex/generic/ltxcmds\ltxcmds.sty
Package: ltxcmds 2020-05-10 v1.25 LaTeX kernel commands for general use (HO)
)
(C:\Users\marti\AppData\Local\Programs\MiKTeX\tex/generic/pdftexcmds\pdftexcmds
.sty
Package: pdftexcmds 2020-06-27 v0.33 Utility functions of pdfTeX for LuaTeX (HO
)

(C:\Users\marti\AppData\Local\Programs\MiKTeX\tex/generic/infwarerr\infwarerr.s
ty
Package: infwarerr 2019/12/03 v1.5 Providing info/warning/error messages (HO)
)
Package pdftexcmds Info: \pdf@primitive is available.
Package pdftexcmds Info: \pdf@ifprimitive is available.
Package pdftexcmds Info: \pdfdraftmode found.
)
(C:\Users\marti\AppData\Local\Programs\MiKTeX\tex/generic/kvsetkeys\kvsetkeys.s
ty
Package: kvsetkeys 2019/12/15 v1.18 Key value parser (HO)
)
(C:\Users\marti\AppData\Local\Programs\MiKTeX\tex/generic/kvdefinekeys\kvdefine
keys.sty
Package: kvdefinekeys 2019-12-19 v1.6 Define keys (HO)
)
(C:\Users\marti\AppData\Local\Programs\MiKTeX\tex/generic/pdfescape\pdfescape.s
ty
Package: pdfescape 2019/12/09 v1.15 Implements pdfTeX's escape features (HO)
) (C:\Users\marti\AppData\Local\Programs\MiKTeX\tex/latex/hycolor\hycolor.sty
Package: hycolor 2020-01-27 v1.10 Color options for hyperref/bookmark (HO)
)
(C:\Users\marti\AppData\Local\Programs\MiKTeX\tex/latex/letltxmacro\letltxmacro
.sty
Package: letltxmacro 2019/12/03 v1.6 Let assignment for LaTeX macros (HO)
)
(C:\Users\marti\AppData\Local\Programs\MiKTeX\tex/latex/auxhook\auxhook.sty
Package: auxhook 2019-12-17 v1.6 Hooks for auxiliary files (HO)
)
(C:\Users\marti\AppData\Local\Programs\MiKTeX\tex/latex/hyperref\nameref.sty
Package: nameref 2022-05-17 v2.50 Cross-referencing by name of section

(C:\Users\marti\AppData\Local\Programs\MiKTeX\tex/latex/refcount\refcount.sty
Package: refcount 2019/12/15 v3.6 Data extraction from label references (HO)
)
(C:\Users\marti\AppData\Local\Programs\MiKTeX\tex/generic/gettitlestring\gettit
lestring.sty
Package: gettitlestring 2019/12/15 v1.6 Cleanup title references (HO)

(C:\Users\marti\AppData\Local\Programs\MiKTeX\tex/latex/kvoptions\kvoptions.sty
Package: kvoptions 2022-06-15 v3.15 Key value format for package options (HO)
))
\c@section@level=\count298
)
\@linkdim=\dimen265
\Hy@linkcounter=\count299
\Hy@pagecounter=\count300
 (C:\Users\marti\AppData\Local\Programs\MiKTeX\tex/latex/hyperref\pd1enc.def
File: pd1enc.def 2022-06-20 v7.00s Hyperref: PDFDocEncoding definition (HO)
Now handling font encoding PD1 ...
... no UTF-8 mapping file for font encoding PD1
) (C:\Users\marti\AppData\Local\Programs\MiKTeX\tex/generic/intcalc\intcalc.sty
Package: intcalc 2019/12/15 v1.3 Expandable calculations with integers (HO)
)
(C:\Users\marti\AppData\Local\Programs\MiKTeX\tex/generic/etexcmds\etexcmds.sty
Package: etexcmds 2019/12/15 v1.7 Avoid name clashes with e-TeX commands (HO)
)
\Hy@SavedSpaceFactor=\count301
 (C:\Users\marti\AppData\Local\Programs\MiKTeX\tex/latex/hyperref\puenc.def
File: puenc.def 2022-06-20 v7.00s Hyperref: PDF Unicode definition (HO)
Now handling font encoding PU ...
... no UTF-8 mapping file for font encoding PU
)
Package hyperref Info: Option `bookmarks' set `true' on input line 4045.
Package hyperref Info: Option `bookmarksopen' set `true' on input line 4045.
Package hyperref Info: Option `implicit' set `false' on input line 4045.
Package hyperref Info: Hyper figures OFF on input line 4162.
Package hyperref Info: Link nesting OFF on input line 4167.
Package hyperref Info: Hyper index ON on input line 4170.
Package hyperref Info: Plain pages OFF on input line 4177.
Package hyperref Info: Backreferencing OFF on input line 4182.
Package hyperref Info: Implicit mode OFF; no redefinition of LaTeX internals.
Package hyperref Info: Bookmarks ON on input line 4408.
\c@Hy@tempcnt=\count302

(C:\Users\marti\AppData\Local\Programs\MiKTeX\tex/latex/url\url.sty
\Urlmuskip=\muskip16
Package: url 2013/09/16  ver 3.4  Verb mode for urls, etc.
)
LaTeX Info: Redefining \url on input line 4746.
\XeTeXLinkMargin=\dimen266

(C:\Users\marti\AppData\Local\Programs\MiKTeX\tex/generic/bitset\bitset.sty
Package: bitset 2019/12/09 v1.3 Handle bit-vector datatype (HO)

(C:\Users\marti\AppData\Local\Programs\MiKTeX\tex/generic/bigintcalc\bigintcalc
.sty
Package: bigintcalc 2019/12/15 v1.5 Expandable calculations on big integers (HO
)
))
\Fld@menulength=\count303
\Field@Width=\dimen267
\Fld@charsize=\dimen268
Package hyperref Info: Hyper figures OFF on input line 6024.
Package hyperref Info: Link nesting OFF on input line 6029.
Package hyperref Info: Hyper index ON on input line 6032.
Package hyperref Info: backreferencing OFF on input line 6039.
Package hyperref Info: Link coloring OFF on input line 6044.
Package hyperref Info: Link coloring with OCG OFF on input line 6049.
Package hyperref Info: PDF/A mode OFF on input line 6054.
\Hy@abspage=\count304


Package hyperref Message: Stopped early.

)
Package hyperref Info: Driver (autodetected): hpdftex.
 (C:\Users\marti\AppData\Local\Programs\MiKTeX\tex/latex/hyperref\hpdftex.def
File: hpdftex.def 2022-06-20 v7.00s Hyperref driver for pdfTeX

(C:\Users\marti\AppData\Local\Programs\MiKTeX\tex/latex/base\atveryend-ltx.sty
Package: atveryend-ltx 2020/08/19 v1.0a Emulation of the original atveryend pac
kage
with kernel methods
)
\Fld@listcount=\count305
\c@bookmark@seq@number=\count306

(C:\Users\marti\AppData\Local\Programs\MiKTeX\tex/latex/rerunfilecheck\rerunfil
echeck.sty
Package: rerunfilecheck 2022-07-10 v1.10 Rerun checks for auxiliary files (HO)

(C:\Users\marti\AppData\Local\Programs\MiKTeX\tex/generic/uniquecounter\uniquec
ounter.sty
Package: uniquecounter 2019/12/15 v1.4 Provide unlimited unique counter (HO)
)
Package uniquecounter Info: New unique counter `rerunfilecheck' on input line 2
85.
))
(C:\Users\marti\AppData\Local\Programs\MiKTeX\tex/latex/beamer\beamerbaserequir
es.sty
(C:\Users\marti\AppData\Local\Programs\MiKTeX\tex/latex/beamer\beamerbasecompat
ibility.sty)
(C:\Users\marti\AppData\Local\Programs\MiKTeX\tex/latex/beamer\beamerbasefont.s
ty (C:\Users\marti\AppData\Local\Programs\MiKTeX\tex/latex/amsfonts\amssymb.sty
Package: amssymb 2013/01/14 v3.01 AMS font symbols
(C:\Users\marti\AppData\Local\Programs\MiKTeX\tex/latex/amsfonts\amsfonts.sty
Package: amsfonts 2013/01/14 v3.01 Basic AMSFonts support
\@emptytoks=\toks28
\symAMSa=\mathgroup4
\symAMSb=\mathgroup5
LaTeX Font Info:    Redeclaring math symbol \hbar on input line 98.
LaTeX Font Info:    Overwriting math alphabet `\mathfrak' in version `bold'
(Font)                  U/euf/m/n --> U/euf/b/n on input line 106.
))
(C:\Users\marti\AppData\Local\Programs\MiKTeX\tex/latex/sansmathaccent\sansmath
accent.sty
Package: sansmathaccent 2020/01/31

(C:\Users\marti\AppData\Local\Programs\MiKTeX\tex/latex/koma-script\scrlfile.st
y
Package: scrlfile 2022/07/04 v3.37 KOMA-Script package (file load hooks)

(C:\Users\marti\AppData\Local\Programs\MiKTeX\tex/latex/koma-script\scrlfile-ho
ok.sty
Package: scrlfile-hook 2022/07/04 v3.37 KOMA-Script package (using LaTeX hooks)


(C:\Users\marti\AppData\Local\Programs\MiKTeX\tex/latex/koma-script\scrlogo.sty
Package: scrlogo 2022/07/04 v3.37 KOMA-Script package (logo)
)))))
(C:\Users\marti\AppData\Local\Programs\MiKTeX\tex/latex/beamer\beamerbasetransl
ator.sty
(C:\Users\marti\AppData\Local\Programs\MiKTeX\tex/latex/translator\translator.s
ty
Package: translator 2021-05-31 v1.12d Easy translation of strings in LaTeX
))
(C:\Users\marti\AppData\Local\Programs\MiKTeX\tex/latex/beamer\beamerbasemisc.s
ty)
(C:\Users\marti\AppData\Local\Programs\MiKTeX\tex/latex/beamer\beamerbasetwoscr
eens.sty)
(C:\Users\marti\AppData\Local\Programs\MiKTeX\tex/latex/beamer\beamerbaseoverla
y.sty
\beamer@argscount=\count307
\beamer@lastskipcover=\skip50
\beamer@trivlistdepth=\count308
)
(C:\Users\marti\AppData\Local\Programs\MiKTeX\tex/latex/beamer\beamerbasetitle.
sty)
(C:\Users\marti\AppData\Local\Programs\MiKTeX\tex/latex/beamer\beamerbasesectio
n.sty
\c@lecture=\count309
\c@part=\count310
\c@section=\count311
\c@subsection=\count312
\c@subsubsection=\count313
)
(C:\Users\marti\AppData\Local\Programs\MiKTeX\tex/latex/beamer\beamerbaseframe.
sty
\beamer@framebox=\box66
\beamer@frametitlebox=\box67
\beamer@zoombox=\box68
\beamer@zoomcount=\count314
\beamer@zoomframecount=\count315
\beamer@frametextheight=\dimen269
\c@subsectionslide=\count316
\beamer@frametopskip=\skip51
\beamer@framebottomskip=\skip52
\beamer@frametopskipautobreak=\skip53
\beamer@framebottomskipautobreak=\skip54
\beamer@envbody=\toks29
\framewidth=\dimen270
\c@framenumber=\count317
)
(C:\Users\marti\AppData\Local\Programs\MiKTeX\tex/latex/beamer\beamerbaseverbat
im.sty
\beamer@verbatimfileout=\write4
)
(C:\Users\marti\AppData\Local\Programs\MiKTeX\tex/latex/beamer\beamerbaseframes
ize.sty
\beamer@splitbox=\box69
\beamer@autobreakcount=\count318
\beamer@autobreaklastheight=\dimen271
\beamer@frametitletoks=\toks30
\beamer@framesubtitletoks=\toks31
)
(C:\Users\marti\AppData\Local\Programs\MiKTeX\tex/latex/beamer\beamerbaseframec
omponents.sty
\beamer@footins=\box70
)
(C:\Users\marti\AppData\Local\Programs\MiKTeX\tex/latex/beamer\beamerbasecolor.
sty)
(C:\Users\marti\AppData\Local\Programs\MiKTeX\tex/latex/beamer\beamerbasenotes.
sty
\beamer@frameboxcopy=\box71
)
(C:\Users\marti\AppData\Local\Programs\MiKTeX\tex/latex/beamer\beamerbasetoc.st
y)
(C:\Users\marti\AppData\Local\Programs\MiKTeX\tex/latex/beamer\beamerbasetempla
tes.sty
\beamer@sbttoks=\toks32

(C:\Users\marti\AppData\Local\Programs\MiKTeX\tex/latex/beamer\beamerbaseauxtem
plates.sty
(C:\Users\marti\AppData\Local\Programs\MiKTeX\tex/latex/beamer\beamerbaseboxes.
sty
\bmb@box=\box72
\bmb@colorbox=\box73
\bmb@boxwidth=\dimen272
\bmb@boxheight=\dimen273
\bmb@prevheight=\dimen274
\bmb@temp=\dimen275
\bmb@dima=\dimen276
\bmb@dimb=\dimen277
\bmb@prevheight=\dimen278
)
\beamer@blockheadheight=\dimen279
))
(C:\Users\marti\AppData\Local\Programs\MiKTeX\tex/latex/beamer\beamerbaselocals
tructure.sty
(C:\Users\marti\AppData\Local\Programs\MiKTeX\tex/latex/tools\enumerate.sty
Package: enumerate 2015/07/23 v3.00 enumerate extensions (DPC)
\@enLab=\toks33
)
\beamer@bibiconwidth=\skip55
\c@figure=\count319
\c@table=\count320
\abovecaptionskip=\skip56
\belowcaptionskip=\skip57
)
(C:\Users\marti\AppData\Local\Programs\MiKTeX\tex/latex/beamer\beamerbasenaviga
tion.sty
\beamer@section@min@dim=\dimen280
)
(C:\Users\marti\AppData\Local\Programs\MiKTeX\tex/latex/beamer\beamerbasetheore
ms.sty
(C:\Users\marti\AppData\Local\Programs\MiKTeX\tex/latex/amsmath\amsmath.sty
Package: amsmath 2022/04/08 v2.17n AMS math features
\@mathmargin=\skip58

For additional information on amsmath, use the `?' option.
(C:\Users\marti\AppData\Local\Programs\MiKTeX\tex/latex/amsmath\amstext.sty
Package: amstext 2021/08/26 v2.01 AMS text

(C:\Users\marti\AppData\Local\Programs\MiKTeX\tex/latex/amsmath\amsgen.sty
File: amsgen.sty 1999/11/30 v2.0 generic functions
\@emptytoks=\toks34
\ex@=\dimen281
))
(C:\Users\marti\AppData\Local\Programs\MiKTeX\tex/latex/amsmath\amsbsy.sty
Package: amsbsy 1999/11/29 v1.2d Bold Symbols
\pmbraise@=\dimen282
)
(C:\Users\marti\AppData\Local\Programs\MiKTeX\tex/latex/amsmath\amsopn.sty
Package: amsopn 2022/04/08 v2.04 operator names
)
\inf@bad=\count321
LaTeX Info: Redefining \frac on input line 234.
\uproot@=\count322
\leftroot@=\count323
LaTeX Info: Redefining \overline on input line 399.
LaTeX Info: Redefining \colon on input line 410.
\classnum@=\count324
\DOTSCASE@=\count325
LaTeX Info: Redefining \ldots on input line 496.
LaTeX Info: Redefining \dots on input line 499.
LaTeX Info: Redefining \cdots on input line 620.
\Mathstrutbox@=\box74
\strutbox@=\box75
LaTeX Info: Redefining \big on input line 722.
LaTeX Info: Redefining \Big on input line 723.
LaTeX Info: Redefining \bigg on input line 724.
LaTeX Info: Redefining \Bigg on input line 725.
\big@size=\dimen283
LaTeX Font Info:    Redeclaring font encoding OML on input line 743.
LaTeX Font Info:    Redeclaring font encoding OMS on input line 744.
\macc@depth=\count326
LaTeX Info: Redefining \bmod on input line 905.
LaTeX Info: Redefining \pmod on input line 910.
LaTeX Info: Redefining \smash on input line 940.
LaTeX Info: Redefining \relbar on input line 970.
LaTeX Info: Redefining \Relbar on input line 971.
\c@MaxMatrixCols=\count327
\dotsspace@=\muskip17
\c@parentequation=\count328
\dspbrk@lvl=\count329
\tag@help=\toks35
\row@=\count330
\column@=\count331
\maxfields@=\count332
\andhelp@=\toks36
\eqnshift@=\dimen284
\alignsep@=\dimen285
\tagshift@=\dimen286
\tagwidth@=\dimen287
\totwidth@=\dimen288
\lineht@=\dimen289
\@envbody=\toks37
\multlinegap=\skip59
\multlinetaggap=\skip60
\mathdisplay@stack=\toks38
LaTeX Info: Redefining \[ on input line 2953.
LaTeX Info: Redefining \] on input line 2954.
)
(C:\Users\marti\AppData\Local\Programs\MiKTeX\tex/latex/amscls\amsthm.sty
Package: amsthm 2020/05/29 v2.20.6
\thm@style=\toks39
\thm@bodyfont=\toks40
\thm@headfont=\toks41
\thm@notefont=\toks42
\thm@headpunct=\toks43
\thm@preskip=\skip61
\thm@postskip=\skip62
\thm@headsep=\skip63
\dth@everypar=\toks44
)
\c@theorem=\count333
)
(C:\Users\marti\AppData\Local\Programs\MiKTeX\tex/latex/beamer\beamerbasethemes
.sty))
(C:\Users\marti\AppData\Local\Programs\MiKTeX\tex/latex/beamer\beamerthemedefau
lt.sty
(C:\Users\marti\AppData\Local\Programs\MiKTeX\tex/latex/beamer\beamerfontthemed
efault.sty)
(C:\Users\marti\AppData\Local\Programs\MiKTeX\tex/latex/beamer\beamercolortheme
default.sty)
(C:\Users\marti\AppData\Local\Programs\MiKTeX\tex/latex/beamer\beamerinnertheme
default.sty
\beamer@dima=\dimen290
\beamer@dimb=\dimen291
)
(C:\Users\marti\AppData\Local\Programs\MiKTeX\tex/latex/beamer\beameroutertheme
default.sty)))
(C:\Users\marti\AppData\Local\Programs\MiKTeX\tex/generic/babel\babel.sty
Package: babel 2022/07/20 3.78 The Babel package
\babel@savecnt=\count334
\U@D=\dimen292
\l@unhyphenated=\language79

(C:\Users\marti\AppData\Local\Programs\MiKTeX\tex/generic/babel\txtbabel.def)
\bbl@readstream=\read3
LaTeX Info: Redefining \textlatin on input line 4078.
\bbl@dirlevel=\count335

*************************************
* Local config file bblopts.cfg used
*
(C:\Users\marti\AppData\Local\Programs\MiKTeX\tex/latex/arabi\bblopts.cfg
File: bblopts.cfg 2005/09/08 v0.1 add Arabic and Farsi to "declared" options of
 babel
)
(C:\Users\marti\AppData\Local\Programs\MiKTeX\tex/latex/babel-spanish\spanish.l
df
Language: spanish.ldf 2021/05/27 v5.0q Spanish support from the babel system
\es@quottoks=\toks45
\es@quotdepth=\count336
Package babel Info: Making " an active character on input line 570.
Package babel Info: Making . an active character on input line 675.
Package babel Info: Making < an active character on input line 722.
Package babel Info: Making > an active character on input line 722.
))
(C:\Users\marti\AppData\Local\Programs\MiKTeX\tex/generic/babel/locale/es\babel
-spanish.tex
Package babel Info: Importing font and identification data for spanish
(babel)             from babel-es.ini. Reported on input line 11.
)
(C:\Users\marti\AppData\Local\Programs\MiKTeX\tex/latex/float\float.sty
Package: float 2001/11/08 v1.3d Float enhancements (AL)
\c@float@type=\count337
\float@exts=\toks46
\float@box=\box76
\@float@everytoks=\toks47
\@floatcapt=\box77
)
(C:\Users\marti\AppData\Local\Programs\MiKTeX\tex/latex/base\inputenc.sty
Package: inputenc 2021/02/14 v1.3d Input encoding file
\inpenc@prehook=\toks48
\inpenc@posthook=\toks49
)
(C:\Users\marti\AppData\Local\Programs\MiKTeX\tex/latex/cite\cite.sty
LaTeX Info: Redefining \cite on input line 302.
LaTeX Info: Redefining \nocite on input line 332.
Package: cite 2015/02/27  v 5.5
)
(C:\Users\marti\AppData\Local\Programs\MiKTeX\tex/latex/epstopdf-pkg\epstopdf.s
ty
Package: epstopdf 2020-01-24 v2.11 Conversion with epstopdf on the fly (HO)
 (C:\Users\marti\AppData\Local\Programs\MiKTeX\tex/latex/grfext\grfext.sty
Package: grfext 2019/12/03 v1.3 Manage graphics extensions (HO)
)
(C:\Users\marti\AppData\Local\Programs\MiKTeX\tex/latex/epstopdf-pkg\epstopdf-b
ase.sty
Package: epstopdf-base 2020-01-24 v2.11 Base part for package epstopdf
Package epstopdf-base Info: Redefining graphics rule for `.eps' on input line 4
85.
Package grfext Info: Graphics extension search list:
(grfext)             [.pdf,.png,.jpg,.mps,.jpeg,.jbig2,.jb2,.PDF,.PNG,.JPG,.JPE
G,.JBIG2,.JB2,.eps]
(grfext)             \AppendGraphicsExtensions on input line 504.

(C:\Users\marti\AppData\Local\Programs\MiKTeX\tex/latex/00miktex\epstopdf-sys.c
fg
File: epstopdf-sys.cfg 2021/03/18 v2.0 Configuration of epstopdf for MiKTeX
))) (C:\Users\marti\AppData\Local\Programs\MiKTeX\tex/latex/tools\array.sty
Package: array 2021/10/04 v2.5f Tabular extension package (FMi)
\col@sep=\dimen293
\ar@mcellbox=\box78
\extrarowheight=\dimen294
\NC@list=\toks50
\extratabsurround=\skip64
\backup@length=\skip65
\ar@cellbox=\box79
)
(C:\Users\marti\AppData\Local\Programs\MiKTeX\tex/latex/multirow\multirow.sty
Package: multirow 2021/03/15 v2.8 Span multiple rows of a table
\multirow@colwidth=\skip66
\multirow@cntb=\count338
\multirow@dima=\skip67
\bigstrutjot=\dimen295
)
(C:\Users\marti\AppData\Local\Programs\MiKTeX\tex/latex/tools\multicol.sty
Package: multicol 2021/10/28 v1.9b multicolumn formatting (FMi)
\c@tracingmulticols=\count339
\mult@box=\box80
\multicol@leftmargin=\dimen296
\c@unbalance=\count340
\c@collectmore=\count341
\doublecol@number=\count342
\multicoltolerance=\count343
\multicolpretolerance=\count344
\full@width=\dimen297
\page@free=\dimen298
\premulticols=\dimen299
\postmulticols=\dimen300
\multicolsep=\skip68
\multicolbaselineskip=\skip69
\partial@page=\box81
\last@line=\box82
\maxbalancingoverflow=\dimen301
\mult@rightbox=\box83
\mult@grightbox=\box84
\mult@firstbox=\box85
\mult@gfirstbox=\box86
\@tempa=\box87
\@tempa=\box88
\@tempa=\box89
\@tempa=\box90
\@tempa=\box91
\@tempa=\box92
\@tempa=\box93
\@tempa=\box94
\@tempa=\box95
\@tempa=\box96
\@tempa=\box97
\@tempa=\box98
\@tempa=\box99
\@tempa=\box100
\@tempa=\box101
\@tempa=\box102
\@tempa=\box103
\@tempa=\box104
\@tempa=\box105
\@tempa=\box106
\@tempa=\box107
\@tempa=\box108
\@tempa=\box109
\@tempa=\box110
\@tempa=\box111
\@tempa=\box112
\@tempa=\box113
\@tempa=\box114
\@tempa=\box115
\@tempa=\box116
\@tempa=\box117
\@tempa=\box118
\@tempa=\box119
\@tempa=\box120
\@tempa=\box121
\@tempa=\box122
\c@minrows=\count345
\c@columnbadness=\count346
\c@finalcolumnbadness=\count347
\last@try=\dimen302
\multicolovershoot=\dimen303
\multicolundershoot=\dimen304
\mult@nat@firstbox=\box123
\colbreak@box=\box124
\mc@col@check@num=\count348
)
(C:\Users\marti\AppData\Local\Programs\MiKTeX\tex/latex/graphics\rotating.sty
Package: rotating 2016/08/11 v2.16d rotated objects in LaTeX

(C:\Users\marti\AppData\Local\Programs\MiKTeX\tex/latex/base\ifthen.sty
Package: ifthen 2022/04/13 v1.1d Standard LaTeX ifthen package (DPC)
)
\c@r@tfl@t=\count349
\rotFPtop=\skip70
\rotFPbot=\skip71
\rot@float@box=\box125
\rot@mess@toks=\toks51
)
(C:\Users\marti\AppData\Local\Programs\MiKTeX\tex/latex/caption\caption.sty
Package: caption 2022/03/01 v3.6b Customizing captions (AR)

(C:\Users\marti\AppData\Local\Programs\MiKTeX\tex/latex/caption\caption3.sty
Package: caption3 2022/03/17 v2.3b caption3 kernel (AR)
\caption@tempdima=\dimen305
\captionmargin=\dimen306
\caption@leftmargin=\dimen307
\caption@rightmargin=\dimen308
\caption@width=\dimen309
\caption@indent=\dimen310
\caption@parindent=\dimen311
\caption@hangindent=\dimen312
Package caption Info: beamer document class detected.

(C:\Users\marti\AppData\Local\Programs\MiKTeX\tex/latex/caption\caption-beamer.
sto
File: caption-beamer.sto 2022/01/06 v2.0c Adaption of the caption package to th
e beamer document classes (AR)
))
\c@caption@flags=\count350
\c@continuedfloat=\count351
Package caption Info: float package is loaded.
Package caption Info: hyperref package is loaded.
Package caption Info: Hyperref support is turned off
(caption)             because hyperref has stopped early.
Package caption Info: rotating package is loaded.
)
(C:\Users\marti\AppData\Local\Programs\MiKTeX\tex/latex/caption\subcaption.sty
Package: subcaption 2022/01/07 v1.5 Sub-captions (AR)
\c@subfigure=\count352
\c@subtable=\count353
)
(C:\Users\marti\AppData\Local\Programs\MiKTeX\tex/latex/beamer\beamerthemeBerli
n.sty
(C:\Users\marti\AppData\Local\Programs\MiKTeX\tex/latex/beamer\beameroutertheme
miniframes.sty)
(C:\Users\marti\AppData\Local\Programs\MiKTeX\tex/latex/beamer\beamercolortheme
whale.sty)
(C:\Users\marti\AppData\Local\Programs\MiKTeX\tex/latex/beamer\beamercolortheme
orchid.sty)
(C:\Users\marti\AppData\Local\Programs\MiKTeX\tex/latex/beamer\beamerinnertheme
rectangles.sty))
(C:\Users\marti\AppData\Local\Programs\MiKTeX\tex/latex/beamer\beamercolortheme
structure.sty)
Package hyperref Info: Option `colorlinks' set `true' on input line 102.

(C:\Users\marti\AppData\Local\Programs\MiKTeX\tex/latex/l3backend\l3backend-pdf
tex.def
File: l3backend-pdftex.def 2022-07-01 L3 backend support: PDF output (pdfTeX)
\l__color_backend_stack_int=\count354
\l__pdf_internal_box=\box126
) (TFG_Slides.aux
LaTeX Info: Redefining \. on input line 22.
LaTeX Info: Redefining \% on input line 22.
)
\openout1 = `TFG_Slides.aux'.

LaTeX Font Info:    Checking defaults for OML/cmm/m/it on input line 135.
LaTeX Font Info:    ... okay on input line 135.
LaTeX Font Info:    Checking defaults for OMS/cmsy/m/n on input line 135.
LaTeX Font Info:    ... okay on input line 135.
LaTeX Font Info:    Checking defaults for OT1/cmr/m/n on input line 135.
LaTeX Font Info:    ... okay on input line 135.
LaTeX Font Info:    Checking defaults for T1/cmr/m/n on input line 135.
LaTeX Font Info:    ... okay on input line 135.
LaTeX Font Info:    Checking defaults for TS1/cmr/m/n on input line 135.
LaTeX Font Info:    ... okay on input line 135.
LaTeX Font Info:    Checking defaults for OMX/cmex/m/n on input line 135.
LaTeX Font Info:    ... okay on input line 135.
LaTeX Font Info:    Checking defaults for U/cmr/m/n on input line 135.
LaTeX Font Info:    ... okay on input line 135.
LaTeX Font Info:    Checking defaults for PD1/pdf/m/n on input line 135.
LaTeX Font Info:    ... okay on input line 135.
LaTeX Font Info:    Checking defaults for PU/pdf/m/n on input line 135.
LaTeX Font Info:    ... okay on input line 135.

*geometry* driver: auto-detecting
*geometry* detected driver: pdftex
*geometry* verbose mode - [ preamble ] result:
* driver: pdftex
* paper: custom
* layout: <same size as paper>
* layoutoffset:(h,v)=(0.0pt,0.0pt)
* modes: includehead includefoot 
* h-part:(L,W,R)=(28.45274pt, 307.28987pt, 28.45274pt)
* v-part:(T,H,B)=(0.0pt, 273.14662pt, 0.0pt)
* \paperwidth=364.19536pt
* \paperheight=273.14662pt
* \textwidth=307.28987pt
* \textheight=244.6939pt
* \oddsidemargin=-43.81725pt
* \evensidemargin=-43.81725pt
* \topmargin=-72.26999pt
* \headheight=14.22636pt
* \headsep=0.0pt
* \topskip=11.0pt
* \footskip=14.22636pt
* \marginparwidth=4.0pt
* \marginparsep=10.0pt
* \columnsep=10.0pt
* \skip\footins=10.0pt plus 4.0pt minus 2.0pt
* \hoffset=0.0pt
* \voffset=0.0pt
* \mag=1000
* \@twocolumnfalse
* \@twosidefalse
* \@mparswitchfalse
* \@reversemarginfalse
* (1in=72.27pt=25.4mm, 1cm=28.453pt)


(C:\Users\marti\AppData\Local\Programs\MiKTeX\tex/context/base/mkii\supp-pdf.mk
ii
[Loading MPS to PDF converter (version 2006.09.02).]
\scratchcounter=\count355
\scratchdimen=\dimen313
\scratchbox=\box127
\nofMPsegments=\count356
\nofMParguments=\count357
\everyMPshowfont=\toks52
\MPscratchCnt=\count358
\MPscratchDim=\dimen314
\MPnumerator=\count359
\makeMPintoPDFobject=\count360
\everyMPtoPDFconversion=\toks53
)
Package hyperref Info: Link coloring ON on input line 135.
 (TFG_Slides.out) (TFG_Slides.out)
\@outlinefile=\write5
\openout5 = `TFG_Slides.out'.

LaTeX Font Info:    Overwriting symbol font `operators' in version `normal'
(Font)                  OT1/cmr/m/n --> OT1/cmss/m/n on input line 135.
LaTeX Font Info:    Overwriting symbol font `operators' in version `bold'
(Font)                  OT1/cmr/bx/n --> OT1/cmss/b/n on input line 135.
\symnumbers=\mathgroup6
\sympureletters=\mathgroup7
LaTeX Font Info:    Overwriting math alphabet `\mathrm' in version `normal'
(Font)                  OT1/cmss/m/n --> OT1/cmr/m/n on input line 135.
LaTeX Font Info:    Redeclaring math alphabet \mathbf on input line 135.
LaTeX Font Info:    Overwriting math alphabet `\mathbf' in version `normal'
(Font)                  OT1/cmr/bx/n --> OT1/cmss/b/n on input line 135.
LaTeX Font Info:    Overwriting math alphabet `\mathbf' in version `bold'
(Font)                  OT1/cmr/bx/n --> OT1/cmss/b/n on input line 135.
LaTeX Font Info:    Redeclaring math alphabet \mathsf on input line 135.
LaTeX Font Info:    Overwriting math alphabet `\mathsf' in version `normal'
(Font)                  OT1/cmss/m/n --> OT1/cmss/m/n on input line 135.
LaTeX Font Info:    Overwriting math alphabet `\mathsf' in version `bold'
(Font)                  OT1/cmss/bx/n --> OT1/cmss/m/n on input line 135.
LaTeX Font Info:    Redeclaring math alphabet \mathit on input line 135.
LaTeX Font Info:    Overwriting math alphabet `\mathit' in version `normal'
(Font)                  OT1/cmr/m/it --> OT1/cmss/m/it on input line 135.
LaTeX Font Info:    Overwriting math alphabet `\mathit' in version `bold'
(Font)                  OT1/cmr/bx/it --> OT1/cmss/m/it on input line 135.
LaTeX Font Info:    Redeclaring math alphabet \mathtt on input line 135.
LaTeX Font Info:    Overwriting math alphabet `\mathtt' in version `normal'
(Font)                  OT1/cmtt/m/n --> OT1/cmtt/m/n on input line 135.
LaTeX Font Info:    Overwriting math alphabet `\mathtt' in version `bold'
(Font)                  OT1/cmtt/m/n --> OT1/cmtt/m/n on input line 135.
LaTeX Font Info:    Overwriting symbol font `numbers' in version `bold'
(Font)                  OT1/cmss/m/n --> OT1/cmss/b/n on input line 135.
LaTeX Font Info:    Overwriting symbol font `pureletters' in version `bold'
(Font)                  OT1/cmss/m/it --> OT1/cmss/b/it on input line 135.
LaTeX Font Info:    Overwriting math alphabet `\mathrm' in version `bold'
(Font)                  OT1/cmss/b/n --> OT1/cmr/b/n on input line 135.
LaTeX Font Info:    Overwriting math alphabet `\mathbf' in version `bold'
(Font)                  OT1/cmss/b/n --> OT1/cmss/b/n on input line 135.
LaTeX Font Info:    Overwriting math alphabet `\mathsf' in version `bold'
(Font)                  OT1/cmss/m/n --> OT1/cmss/b/n on input line 135.
LaTeX Font Info:    Overwriting math alphabet `\mathit' in version `bold'
(Font)                  OT1/cmss/m/it --> OT1/cmss/b/it on input line 135.
LaTeX Font Info:    Overwriting math alphabet `\mathtt' in version `bold'
(Font)                  OT1/cmtt/m/n --> OT1/cmtt/b/n on input line 135.
LaTeX Font Info:    Redeclaring symbol font `pureletters' on input line 135.
LaTeX Font Info:    Overwriting symbol font `pureletters' in version `normal'
(Font)                  OT1/cmss/m/it --> OT1/mathkerncmss/m/sl on input line 1
35.
LaTeX Font Info:    Overwriting symbol font `pureletters' in version `bold'
(Font)                  OT1/cmss/b/it --> OT1/mathkerncmss/m/sl on input line 1
35.
LaTeX Font Info:    Overwriting symbol font `pureletters' in version `bold'
(Font)                  OT1/mathkerncmss/m/sl --> OT1/mathkerncmss/bx/sl on inp
ut line 135.

(C:\Users\marti\AppData\Local\Programs\MiKTeX\tex/latex/translator\translator-b
asic-dictionary-English.dict
Dictionary: translator-basic-dictionary, Language: English 
)
(C:\Users\marti\AppData\Local\Programs\MiKTeX\tex/latex/translator\translator-b
asic-dictionary-Spanish.dict
Dictionary: translator-basic-dictionary, Language: Spanish 
)
(C:\Users\marti\AppData\Local\Programs\MiKTeX\tex/latex/translator\translator-b
ibliography-dictionary-English.dict
Dictionary: translator-bibliography-dictionary, Language: English 
)
(C:\Users\marti\AppData\Local\Programs\MiKTeX\tex/latex/translator\translator-b
ibliography-dictionary-Spanish.dict
Dictionary: translator-bibliography-dictionary, Language: Spanish 
)
(C:\Users\marti\AppData\Local\Programs\MiKTeX\tex/latex/translator\translator-e
nvironment-dictionary-English.dict
Dictionary: translator-environment-dictionary, Language: English 
)
(C:\Users\marti\AppData\Local\Programs\MiKTeX\tex/latex/translator\translator-e
nvironment-dictionary-Spanish.dict
Dictionary: translator-environment-dictionary, Language: Spanish 
)
(C:\Users\marti\AppData\Local\Programs\MiKTeX\tex/latex/translator\translator-m
onths-dictionary-English.dict
Dictionary: translator-months-dictionary, Language: English 
)
(C:\Users\marti\AppData\Local\Programs\MiKTeX\tex/latex/translator\translator-m
onths-dictionary-Spanish.dict
Dictionary: translator-months-dictionary, Language: Spanish 
)
(C:\Users\marti\AppData\Local\Programs\MiKTeX\tex/latex/translator\translator-n
umbers-dictionary-English.dict
Dictionary: translator-numbers-dictionary, Language: English 
)
(C:\Users\marti\AppData\Local\Programs\MiKTeX\tex/latex/translator\translator-n
umbers-dictionary-Spanish.dict
Dictionary: translator-numbers-dictionary, Language: Spanish 
)
(C:\Users\marti\AppData\Local\Programs\MiKTeX\tex/latex/translator\translator-t
heorem-dictionary-English.dict
Dictionary: translator-theorem-dictionary, Language: English 
)
(C:\Users\marti\AppData\Local\Programs\MiKTeX\tex/latex/translator\translator-t
heorem-dictionary-Spanish.dict
Dictionary: translator-theorem-dictionary, Language: Spanish 
)
LaTeX Info: Redefining \. on input line 135.
LaTeX Info: Redefining \% on input line 135.
Package caption Info: Begin \AtBeginDocument code.
Package caption Info: End \AtBeginDocument code.
 (TFG_Slides.nav)
LaTeX Font Info:    Trying to load font information for U+msa on input line 163
.

(C:\Users\marti\AppData\Local\Programs\MiKTeX\tex/latex/amsfonts\umsa.fd
File: umsa.fd 2013/01/14 v3.01 AMS symbols A
)
LaTeX Font Info:    Trying to load font information for U+msb on input line 163
.

(C:\Users\marti\AppData\Local\Programs\MiKTeX\tex/latex/amsfonts\umsb.fd
File: umsb.fd 2013/01/14 v3.01 AMS symbols B
)
LaTeX Font Info:    Trying to load font information for OT1+mathkerncmss on inp
ut line 163.

(C:\Users\marti\AppData\Local\Programs\MiKTeX\tex/latex/sansmathaccent\ot1mathk
erncmss.fd
File: ot1mathkerncmss.fd 2020/01/31 Fontinst v1.933 font definitions for OT1/ma
thkerncmss.
) [1{C:/Users/marti/AppData/Local/MiKTeX/fonts/map/pdftex/pdftex.map}

] (TFG_Slides.toc
LaTeX Info: Redefining \. on input line 1.
LaTeX Info: Redefining \% on input line 1.
) [2

] (TFG_Slides.toc
LaTeX Info: Redefining \. on input line 1.
LaTeX Info: Redefining \% on input line 1.
) [3

]
<./figuras//DemandaEnergiaPrimariaProporcion1990.png, id=172, 398.4486pt x 333.
4056pt>
File: ./figuras//DemandaEnergiaPrimariaProporcion1990.png Graphic file (type pn
g)
<use ./figuras//DemandaEnergiaPrimariaProporcion1990.png>
Package pdftex.def Info: ./figuras//DemandaEnergiaPrimariaProporcion1990.png  u
sed on input line 282.
(pdftex.def)             Requested size: 178.22868pt x 149.13574pt.
<./figuras//consumoEnergiaFinalPorSectores_2019.png, id=173, 226.59656pt x 207.
02344pt>
File: ./figuras//consumoEnergiaFinalPorSectores_2019.png Graphic file (type png
)
<use ./figuras//consumoEnergiaFinalPorSectores_2019.png>
Package pdftex.def Info: ./figuras//consumoEnergiaFinalPorSectores_2019.png  us
ed on input line 282.
(pdftex.def)             Requested size: 122.91406pt x 112.2964pt.

Overfull \vbox (5.9984pt too high) detected at line 282
 []

[4

 <./figuras//DemandaEnergiaPrimariaProporcion1990.png (PNG copy)> <./figuras//c
onsumoEnergiaFinalPorSectores_2019.png>]

pdfTeX warning: pdflatex.exe (file ./figuras//esquemasLomasValorizacion.pdf): P
DF inclusion: found PDF version <1.6>, but at most version <1.5> allowed
<./figuras//esquemasLomasValorizacion.pdf, id=207, 547.11996pt x 229.13074pt>
File: ./figuras//esquemasLomasValorizacion.pdf Graphic file (type pdf)
<use ./figuras//esquemasLomasValorizacion.pdf>
Package pdftex.def Info: ./figuras//esquemasLomasValorizacion.pdf  used on inpu
t line 282.
(pdftex.def)             Requested size: 169.01036pt x 70.78156pt.
<./figuras//cicloCombinado.png, id=208, 1204.5pt x 954.56625pt>
File: ./figuras//cicloCombinado.png Graphic file (type png)
<use ./figuras//cicloCombinado.png>
Package pdftex.def Info: ./figuras//cicloCombinado.png  used on input line 282.

(pdftex.def)             Requested size: 122.91406pt x 97.39943pt.
<./figuras//TEG.png, id=209, 240.42297pt x 237.56079pt>
File: ./figuras//TEG.png Graphic file (type png)
<use ./figuras//TEG.png>
Package pdftex.def Info: ./figuras//TEG.png  used on input line 282.
(pdftex.def)             Requested size: 116.77008pt x 90.85764pt.
<./figuras//iTPV.png, id=212, 360.59718pt x 206.27063pt>
File: ./figuras//iTPV.png Graphic file (type png)
<use ./figuras//iTPV.png>
Package pdftex.def Info: ./figuras//iTPV.png  used on input line 282.
(pdftex.def)             Requested size: 147.49782pt x 84.37006pt.

Overfull \vbox (14.51971pt too high) detected at line 282
 []

[5

 <./figuras//esquemasLomasValorizacion.pdf> <./figuras//cicloCombinado.png> <./
figuras//TEG.png> <./figuras//iTPV.png>]
File: ./figuras//esquemasLomasValorizacion.pdf Graphic file (type pdf)
<use ./figuras//esquemasLomasValorizacion.pdf>
Package pdftex.def Info: ./figuras//esquemasLomasValorizacion.pdf  used on inpu
t line 282.
(pdftex.def)             Requested size: 169.01036pt x 70.78156pt.
File: ./figuras//cicloCombinado.png Graphic file (type png)
<use ./figuras//cicloCombinado.png>
Package pdftex.def Info: ./figuras//cicloCombinado.png  used on input line 282.

(pdftex.def)             Requested size: 122.91406pt x 97.39943pt.
File: ./figuras//TEG.png Graphic file (type png)
<use ./figuras//TEG.png>
Package pdftex.def Info: ./figuras//TEG.png  used on input line 282.
(pdftex.def)             Requested size: 116.77008pt x 90.85764pt.
File: ./figuras//iTPV.png Graphic file (type png)
<use ./figuras//iTPV.png>
Package pdftex.def Info: ./figuras//iTPV.png  used on input line 282.
(pdftex.def)             Requested size: 147.49782pt x 84.37006pt.

Overfull \vbox (14.51971pt too high) detected at line 282
 []

[6

]
File: ./figuras//esquemasLomasValorizacion.pdf Graphic file (type pdf)
<use ./figuras//esquemasLomasValorizacion.pdf>
Package pdftex.def Info: ./figuras//esquemasLomasValorizacion.pdf  used on inpu
t line 282.
(pdftex.def)             Requested size: 169.01036pt x 70.78156pt.
File: ./figuras//cicloCombinado.png Graphic file (type png)
<use ./figuras//cicloCombinado.png>
Package pdftex.def Info: ./figuras//cicloCombinado.png  used on input line 282.

(pdftex.def)             Requested size: 122.91406pt x 97.39943pt.
File: ./figuras//TEG.png Graphic file (type png)
<use ./figuras//TEG.png>
Package pdftex.def Info: ./figuras//TEG.png  used on input line 282.
(pdftex.def)             Requested size: 116.77008pt x 90.85764pt.
File: ./figuras//iTPV.png Graphic file (type png)
<use ./figuras//iTPV.png>
Package pdftex.def Info: ./figuras//iTPV.png  used on input line 282.
(pdftex.def)             Requested size: 147.49782pt x 84.37006pt.

Overfull \vbox (14.51971pt too high) detected at line 282
 []

[7

]
File: ./figuras//esquemasLomasValorizacion.pdf Graphic file (type pdf)
<use ./figuras//esquemasLomasValorizacion.pdf>
Package pdftex.def Info: ./figuras//esquemasLomasValorizacion.pdf  used on inpu
t line 282.
(pdftex.def)             Requested size: 169.01036pt x 70.78156pt.
File: ./figuras//cicloCombinado.png Graphic file (type png)
<use ./figuras//cicloCombinado.png>
Package pdftex.def Info: ./figuras//cicloCombinado.png  used on input line 282.

(pdftex.def)             Requested size: 122.91406pt x 97.39943pt.
File: ./figuras//TEG.png Graphic file (type png)
<use ./figuras//TEG.png>
Package pdftex.def Info: ./figuras//TEG.png  used on input line 282.
(pdftex.def)             Requested size: 116.77008pt x 90.85764pt.
File: ./figuras//iTPV.png Graphic file (type png)
<use ./figuras//iTPV.png>
Package pdftex.def Info: ./figuras//iTPV.png  used on input line 282.
(pdftex.def)             Requested size: 147.49782pt x 84.37006pt.

Overfull \vbox (14.51971pt too high) detected at line 282
 []

[8

]
<./figuras//PV_Effect.jpg, id=626, 339.51843pt x 218.31563pt>
File: ./figuras//PV_Effect.jpg Graphic file (type jpg)
<use ./figuras//PV_Effect.jpg>
Package pdftex.def Info: ./figuras//PV_Effect.jpg  used on input line 282.
(pdftex.def)             Requested size: 147.49782pt x 94.84326pt.
<./figuras//TPV_40_BSR.png, id=629, 430.60875pt x 405.01312pt>
File: ./figuras//TPV_40_BSR.png Graphic file (type png)
<use ./figuras//TPV_40_BSR.png>
Package pdftex.def Info: ./figuras//TPV_40_BSR.png  used on input line 282.
(pdftex.def)             Requested size: 122.91406pt x 115.60915pt.
 [9

 <./figuras//PV_Effect.jpg> <./figuras//TPV_40_BSR.png>]
File: ./figuras//TPV_40_BSR.png Graphic file (type png)
<use ./figuras//TPV_40_BSR.png>
Package pdftex.def Info: ./figuras//TPV_40_BSR.png  used on input line 282.
(pdftex.def)             Requested size: 122.91406pt x 115.60915pt.
<./figuras//graficaDiff_dc_fullEqu.png, id=667, 560.0925pt x 432.86719pt>
File: ./figuras//graficaDiff_dc_fullEqu.png Graphic file (type png)
<use ./figuras//graficaDiff_dc_fullEqu.png>
Package pdftex.def Info: ./figuras//graficaDiff_dc_fullEqu.png  used on input l
ine 282.
(pdftex.def)             Requested size: 147.49782pt x 113.99591pt.
 [10

 <./figuras//graficaDiff_dc_fullEqu.png>] (TFG_Slides.toc
LaTeX Info: Redefining \. on input line 1.
LaTeX Info: Redefining \% on input line 1.
) [11

] [12

] (TFG_Slides.toc
LaTeX Info: Redefining \. on input line 1.
LaTeX Info: Redefining \% on input line 1.
)
[13

] (TFG_Slides.toc
LaTeX Info: Redefining \. on input line 1.
LaTeX Info: Redefining \% on input line 1.
) [14

] (TFG_Slides.toc
LaTeX Info: Redefining \. on input line 1.
LaTeX Info: Redefining \% on input line 1.
) [15

]
<./figuras/Resultados/conduccion//Pn_SiSiO2Si.pdf, id=881, 380.42125pt x 310.15
875pt>
File: ./figuras/Resultados/conduccion//Pn_SiSiO2Si.pdf Graphic file (type pdf)
<use ./figuras/Resultados/conduccion//Pn_SiSiO2Si.pdf>
Package pdftex.def Info: ./figuras/Resultados/conduccion//Pn_SiSiO2Si.pdf  used
 on input line 424.
(pdftex.def)             Requested size: 138.2795pt x 112.74083pt.
<./figuras/Resultados/conduccion//SiSiO2Si_1000nm_Plane.png, id=882, 756.57657p
t x 361.35pt>
File: ./figuras/Resultados/conduccion//SiSiO2Si_1000nm_Plane.png Graphic file (
type png)
<use ./figuras/Resultados/conduccion//SiSiO2Si_1000nm_Plane.png>
Package pdftex.def Info: ./figuras/Resultados/conduccion//SiSiO2Si_1000nm_Plane
.png  used on input line 424.
(pdftex.def)             Requested size: 122.9164pt x 58.7049pt.
<./figuras/Resultados/conduccion//Prc2_SiSiO2Si.pdf, id=883, 380.42125pt x 310.
15875pt>
File: ./figuras/Resultados/conduccion//Prc2_SiSiO2Si.pdf Graphic file (type pdf
)
<use ./figuras/Resultados/conduccion//Prc2_SiSiO2Si.pdf>
Package pdftex.def Info: ./figuras/Resultados/conduccion//Prc2_SiSiO2Si.pdf  us
ed on input line 424.
(pdftex.def)             Requested size: 138.2795pt x 112.74083pt.
<./figuras/Resultados/conduccion//SiSiO2Si_1000nm_Plane_Rc.png, id=884, 755.070
94pt x 368.87813pt>
File: ./figuras/Resultados/conduccion//SiSiO2Si_1000nm_Plane_Rc.png Graphic fil
e (type png)
<use ./figuras/Resultados/conduccion//SiSiO2Si_1000nm_Plane_Rc.png>
Package pdftex.def Info: ./figuras/Resultados/conduccion//SiSiO2Si_1000nm_Plane
_Rc.png  used on input line 424.
(pdftex.def)             Requested size: 122.9164pt x 60.04611pt.
 [16

 <./figuras/Resultados/conduccion//Pn_SiSiO2Si.pdf> <./figuras/Resultados/condu
ccion//SiSiO2Si_1000nm_Plane.png> <./figuras/Resultados/conduccion//Prc2_SiSiO2
Si.pdf> <./figuras/Resultados/conduccion//SiSiO2Si_1000nm_Plane_Rc.png>]
<./figuras/Resultados/conduccion//Ppor_SiSiO2Si.pdf, id=1027, 380.42125pt x 315
.1775pt>
File: ./figuras/Resultados/conduccion//Ppor_SiSiO2Si.pdf Graphic file (type pdf
)
<use ./figuras/Resultados/conduccion//Ppor_SiSiO2Si.pdf>
Package pdftex.def Info: ./figuras/Resultados/conduccion//Ppor_SiSiO2Si.pdf  us
ed on input line 424.
(pdftex.def)             Requested size: 169.01036pt x 140.0251pt.
 [17

 <./figuras/Resultados/conduccion//Ppor_SiSiO2Si.pdf>]
<./figuras/Resultados/radiacion//SiSi_ds.pdf, id=1121, 449.68pt x 302.12875pt>
File: ./figuras/Resultados/radiacion//SiSi_ds.pdf Graphic file (type pdf)
<use ./figuras/Resultados/radiacion//SiSi_ds.pdf>
Package pdftex.def Info: ./figuras/Resultados/radiacion//SiSi_ds.pdf  used on i
nput line 424.
(pdftex.def)             Requested size: 153.64493pt x 103.22952pt.
<./figuras/Resultados/radiacion//p_11_SiSi.pdf, id=1122, 396.48125pt x 291.0875
pt>
File: ./figuras/Resultados/radiacion//p_11_SiSi.pdf Graphic file (type pdf)
<use ./figuras/Resultados/radiacion//p_11_SiSi.pdf>
Package pdftex.def Info: ./figuras/Resultados/radiacion//p_11_SiSi.pdf  used on
 input line 424.
(pdftex.def)             Requested size: 153.64493pt x 112.80411pt.
 [18

 <./figuras/Resultados/radiacion//SiSi_ds.pdf> <./figuras/Resultados/radiacion/
/p_11_SiSi.pdf>]
<./figuras/Resultados/RelacionCondRad//rel_SiSi11.pdf, id=1349, 374.39874pt x 3
08.15125pt>
File: ./figuras/Resultados/RelacionCondRad//rel_SiSi11.pdf Graphic file (type p
df)
<use ./figuras/Resultados/RelacionCondRad//rel_SiSi11.pdf>
Package pdftex.def Info: ./figuras/Resultados/RelacionCondRad//rel_SiSi11.pdf  
used on input line 424.
(pdftex.def)             Requested size: 153.64493pt x 126.46037pt.
<./figuras/Resultados/RelacionCondRad//rel_SiSi11_Rc.pdf, id=1350, 369.38pt x 3
10.15875pt>
File: ./figuras/Resultados/RelacionCondRad//rel_SiSi11_Rc.pdf Graphic file (typ
e pdf)
<use ./figuras/Resultados/RelacionCondRad//rel_SiSi11_Rc.pdf>
Package pdftex.def Info: ./figuras/Resultados/RelacionCondRad//rel_SiSi11_Rc.pd
f  used on input line 424.
(pdftex.def)             Requested size: 153.64493pt x 129.01163pt.
 [19

 <./figuras/Resultados/RelacionCondRad//rel_SiSi11.pdf> <./figuras/Resultados/R
elacionCondRad//rel_SiSi11_Rc.pdf>] (TFG_Slides.toc
LaTeX Info: Redefining \. on input line 1.
LaTeX Info: Redefining \% on input line 1.
) [20

]
<./figuras/Resultados/conduccion//Pn_SiSiO2Ge.pdf, id=1626, 386.44376pt x 310.1
5875pt>
File: ./figuras/Resultados/conduccion//Pn_SiSiO2Ge.pdf Graphic file (type pdf)
<use ./figuras/Resultados/conduccion//Pn_SiSiO2Ge.pdf>
Package pdftex.def Info: ./figuras/Resultados/conduccion//Pn_SiSiO2Ge.pdf  used
 on input line 555.
(pdftex.def)             Requested size: 153.64493pt x 123.31354pt.
<./figuras/Resultados/conduccion//Prc2_SiSiO2Ge.pdf, id=1627, 380.42125pt x 310
.15875pt>
File: ./figuras/Resultados/conduccion//Prc2_SiSiO2Ge.pdf Graphic file (type pdf
)
<use ./figuras/Resultados/conduccion//Prc2_SiSiO2Ge.pdf>
Package pdftex.def Info: ./figuras/Resultados/conduccion//Prc2_SiSiO2Ge.pdf  us
ed on input line 555.
(pdftex.def)             Requested size: 153.64493pt x 125.26811pt.

Overfull \vbox (1.93727pt too high) detected at line 555
 []

[21

 <./figuras/Resultados/conduccion//Pn_SiSiO2Ge.pdf> <./figuras/Resultados/condu
ccion//Prc2_SiSiO2Ge.pdf>]
<./figuras/Resultados/radiacion//SiSi_vs_SiGe.pdf, id=1773, 446.66875pt x 302.1
2875pt>
File: ./figuras/Resultados/radiacion//SiSi_vs_SiGe.pdf Graphic file (type pdf)
<use ./figuras/Resultados/radiacion//SiSi_vs_SiGe.pdf>
Package pdftex.def Info: ./figuras/Resultados/radiacion//SiSi_vs_SiGe.pdf  used
 on input line 555.
(pdftex.def)             Requested size: 153.64493pt x 103.92564pt.
<./figuras/Resultados/radiacion//p_Eg_SiGe.pdf, id=1774, 396.48125pt x 291.0875
pt>
File: ./figuras/Resultados/radiacion//p_Eg_SiGe.pdf Graphic file (type pdf)
<use ./figuras/Resultados/radiacion//p_Eg_SiGe.pdf>
Package pdftex.def Info: ./figuras/Resultados/radiacion//p_Eg_SiGe.pdf  used on
 input line 555.
(pdftex.def)             Requested size: 153.64493pt x 112.80411pt.
 [22

 <./figuras/Resultados/radiacion//SiSi_vs_SiGe.pdf> <./figuras/Resultados/radia
cion//p_Eg_SiGe.pdf>]
Overfull \hbox (9.3401pt too wide) in paragraph at lines 555--555
[][] 
 []

<./figuras/Resultados/RelacionCondRad//SiGe.png, id=1987, 370.0224pt x 294.8616
pt>
File: ./figuras/Resultados/RelacionCondRad//SiGe.png Graphic file (type png)
<use ./figuras/Resultados/RelacionCondRad//SiGe.png>
Package pdftex.def Info: ./figuras/Resultados/RelacionCondRad//SiGe.png  used o
n input line 555.
(pdftex.def)             Requested size: 110.62401pt x 88.15321pt.

Overfull \hbox (9.3401pt too wide) in paragraph at lines 555--555
[][] 
 []

<./figuras/Resultados/RelacionCondRad//SiGe_full.png, id=1988, 372.9132pt x 294
.8616pt>
File: ./figuras/Resultados/RelacionCondRad//SiGe_full.png Graphic file (type pn
g)
<use ./figuras/Resultados/RelacionCondRad//SiGe_full.png>
Package pdftex.def Info: ./figuras/Resultados/RelacionCondRad//SiGe_full.png  u
sed on input line 555.
(pdftex.def)             Requested size: 110.62401pt x 87.46933pt.
<./figuras/Resultados/RelacionCondRad//SiGe_Rc.png, id=1989, 372.9132pt x 294.8
616pt>
File: ./figuras/Resultados/RelacionCondRad//SiGe_Rc.png Graphic file (type png)

<use ./figuras/Resultados/RelacionCondRad//SiGe_Rc.png>
Package pdftex.def Info: ./figuras/Resultados/RelacionCondRad//SiGe_Rc.png  use
d on input line 555.
(pdftex.def)             Requested size: 112.00604pt x 88.56264pt.
<./figuras/Resultados/RelacionCondRad//SiGe_Rc_full.png, id=1990, 383.9946pt x 
294.8616pt>
File: ./figuras/Resultados/RelacionCondRad//SiGe_Rc_full.png Graphic file (type
 png)
<use ./figuras/Resultados/RelacionCondRad//SiGe_Rc_full.png>
Package pdftex.def Info: ./figuras/Resultados/RelacionCondRad//SiGe_Rc_full.png
  used on input line 555.
(pdftex.def)             Requested size: 112.00604pt x 86.00708pt.

Overfull \vbox (1.11037pt too high) detected at line 555
 []

[23

 <./figuras/Resultados/RelacionCondRad//SiGe.png (PNG copy)> <./figuras/Resulta
dos/RelacionCondRad//SiGe_full.png (PNG copy)> <./figuras/Resultados/RelacionCo
ndRad//SiGe_Rc.png (PNG copy)> <./figuras/Resultados/RelacionCondRad//SiGe_Rc_f
ull.png (PNG copy)>] (TFG_Slides.toc
LaTeX Info: Redefining \. on input line 1.
LaTeX Info: Redefining \% on input line 1.
) [24

]
<./figuras/Resultados/conduccion//Pn_SsSiO2Ge.pdf, id=2061, 386.44376pt x 310.1
5875pt>
File: ./figuras/Resultados/conduccion//Pn_SsSiO2Ge.pdf Graphic file (type pdf)
<use ./figuras/Resultados/conduccion//Pn_SsSiO2Ge.pdf>
Package pdftex.def Info: ./figuras/Resultados/conduccion//Pn_SsSiO2Ge.pdf  used
 on input line 631.
(pdftex.def)             Requested size: 117.9987pt x 94.70476pt.
<./figuras/Resultados/conduccion//Prc_SsSiO2Ge_Emp.pdf, id=2062, 380.42125pt x 
315.1775pt>
File: ./figuras/Resultados/conduccion//Prc_SsSiO2Ge_Emp.pdf Graphic file (type 
pdf)
<use ./figuras/Resultados/conduccion//Prc_SsSiO2Ge_Emp.pdf>
Package pdftex.def Info: ./figuras/Resultados/conduccion//Prc_SsSiO2Ge_Emp.pdf 
 used on input line 631.
(pdftex.def)             Requested size: 117.9987pt x 97.76172pt.
<./figuras/Resultados/conduccion//Prc_SsSiO2Ge_Inter.pdf, id=2063, 391.4625pt x
 315.1775pt>
File: ./figuras/Resultados/conduccion//Prc_SsSiO2Ge_Inter.pdf Graphic file (typ
e pdf)
<use ./figuras/Resultados/conduccion//Prc_SsSiO2Ge_Inter.pdf>
Package pdftex.def Info: ./figuras/Resultados/conduccion//Prc_SsSiO2Ge_Inter.pd
f  used on input line 631.
(pdftex.def)             Requested size: 117.9987pt x 95.00124pt.
<./figuras/Resultados/conduccion//Prc_SsSiO2Ge_Max.pdf, id=2064, 391.4625pt x 3
15.1775pt>
File: ./figuras/Resultados/conduccion//Prc_SsSiO2Ge_Max.pdf Graphic file (type 
pdf)
<use ./figuras/Resultados/conduccion//Prc_SsSiO2Ge_Max.pdf>
Package pdftex.def Info: ./figuras/Resultados/conduccion//Prc_SsSiO2Ge_Max.pdf 
 used on input line 631.
(pdftex.def)             Requested size: 117.9987pt x 95.00124pt.


Package hyperref Warning: Ignoring empty anchor on input line 631.


Overfull \vbox (6.0256pt too high) detected at line 631
 []

[25

 <./figuras/Resultados/conduccion//Pn_SsSiO2Ge.pdf> <./figuras/Resultados/condu
ccion//Prc_SsSiO2Ge_Emp.pdf> <./figuras/Resultados/conduccion//Prc_SsSiO2Ge_Int
er.pdf> <./figuras/Resultados/conduccion//Prc_SsSiO2Ge_Max.pdf>]
<./figuras/Resultados/radiacion//SsGe.pdf, id=2340, 449.68pt x 302.12875pt>
File: ./figuras/Resultados/radiacion//SsGe.pdf Graphic file (type pdf)
<use ./figuras/Resultados/radiacion//SsGe.pdf>
Package pdftex.def Info: ./figuras/Resultados/radiacion//SsGe.pdf  used on inpu
t line 631.
(pdftex.def)             Requested size: 153.64493pt x 103.22952pt.
<./figuras/Resultados/radiacion//p_Eg_SsGe.pdf, id=2341, 396.48125pt x 291.0875
pt>
File: ./figuras/Resultados/radiacion//p_Eg_SsGe.pdf Graphic file (type pdf)
<use ./figuras/Resultados/radiacion//p_Eg_SsGe.pdf>
Package pdftex.def Info: ./figuras/Resultados/radiacion//p_Eg_SsGe.pdf  used on
 input line 631.
(pdftex.def)             Requested size: 153.64493pt x 112.80411pt.
 [26

 <./figuras/Resultados/radiacion//SsGe.pdf> <./figuras/Resultados/radiacion//p_
Eg_SsGe.pdf>]
<./figuras/Resultados/RelacionCondRad//SS.png, id=2554, 370.0224pt x 308.352pt>

File: ./figuras/Resultados/RelacionCondRad//SS.png Graphic file (type png)
<use ./figuras/Resultados/RelacionCondRad//SS.png>
Package pdftex.def Info: ./figuras/Resultados/RelacionCondRad//SS.png  used on 
input line 631.
(pdftex.def)             Requested size: 117.9987pt x 98.33118pt.
<./figuras/Resultados/RelacionCondRad//SS_Rc_empirico.png, id=2555, 367.6134pt 
x 308.352pt>
File: ./figuras/Resultados/RelacionCondRad//SS_Rc_empirico.png Graphic file (ty
pe png)
<use ./figuras/Resultados/RelacionCondRad//SS_Rc_empirico.png>
Package pdftex.def Info: ./figuras/Resultados/RelacionCondRad//SS_Rc_empirico.p
ng  used on input line 631.
(pdftex.def)             Requested size: 117.9987pt x 98.97577pt.
<./figuras/Resultados/RelacionCondRad//SS_Rc_Intermedio.png, id=2556, 384.4764p
t x 308.352pt>
File: ./figuras/Resultados/RelacionCondRad//SS_Rc_Intermedio.png Graphic file (
type png)
<use ./figuras/Resultados/RelacionCondRad//SS_Rc_Intermedio.png>
Package pdftex.def Info: ./figuras/Resultados/RelacionCondRad//SS_Rc_Intermedio
.png  used on input line 631.
(pdftex.def)             Requested size: 117.9987pt x 94.633pt.
<./figuras/Resultados/RelacionCondRad//SS_Rc.png, id=2557, 375.3222pt x 308.352
pt>
File: ./figuras/Resultados/RelacionCondRad//SS_Rc.png Graphic file (type png)
<use ./figuras/Resultados/RelacionCondRad//SS_Rc.png>
Package pdftex.def Info: ./figuras/Resultados/RelacionCondRad//SS_Rc.png  used 
on input line 631.
(pdftex.def)             Requested size: 117.9987pt x 96.94318pt.

Overfull \vbox (4.1816pt too high) detected at line 631
 []

[27

 <./figuras/Resultados/RelacionCondRad//SS.png (PNG copy)> <./figuras/Resultado
s/RelacionCondRad//SS_Rc_empirico.png (PNG copy)> <./figuras/Resultados/Relacio
nCondRad//SS_Rc_Intermedio.png (PNG copy)> <./figuras/Resultados/RelacionCondRa
d//SS_Rc.png (PNG copy)>] (TFG_Slides.toc
LaTeX Info: Redefining \. on input line 1.
LaTeX Info: Redefining \% on input line 1.
) [28

]
<./figuras/Resultados/conduccion//Pn_SiCSiO2Ge.pdf, id=2626, 380.42125pt x 310.
15875pt>
File: ./figuras/Resultados/conduccion//Pn_SiCSiO2Ge.pdf Graphic file (type pdf)

<use ./figuras/Resultados/conduccion//Pn_SiCSiO2Ge.pdf>
Package pdftex.def Info: ./figuras/Resultados/conduccion//Pn_SiCSiO2Ge.pdf  use
d on input line 736.
(pdftex.def)             Requested size: 153.64493pt x 125.26811pt.
<./figuras/Resultados/conduccion//Prc_SiCSiO2Ge.pdf, id=2627, 380.42125pt x 310
.15875pt>
File: ./figuras/Resultados/conduccion//Prc_SiCSiO2Ge.pdf Graphic file (type pdf
)
<use ./figuras/Resultados/conduccion//Prc_SiCSiO2Ge.pdf>
Package pdftex.def Info: ./figuras/Resultados/conduccion//Prc_SiCSiO2Ge.pdf  us
ed on input line 736.
(pdftex.def)             Requested size: 153.64493pt x 125.26811pt.

Overfull \vbox (3.89185pt too high) detected at line 736
 []

[29

 <./figuras/Resultados/conduccion//Pn_SiCSiO2Ge.pdf> <./figuras/Resultados/cond
uccion//Prc_SiCSiO2Ge.pdf>]
<./figuras/Resultados/radiacion//SiCvsSi_rad.pdf, id=2770, 455.7025pt x 302.128
75pt>
File: ./figuras/Resultados/radiacion//SiCvsSi_rad.pdf Graphic file (type pdf)
<use ./figuras/Resultados/radiacion//SiCvsSi_rad.pdf>
Package pdftex.def Info: ./figuras/Resultados/radiacion//SiCvsSi_rad.pdf  used 
on input line 736.
(pdftex.def)             Requested size: 153.64493pt x 101.86493pt.
<./figuras/Resultados/radiacion//SiCvsSi.pdf, id=2771, 396.48125pt x 291.0875pt
>
File: ./figuras/Resultados/radiacion//SiCvsSi.pdf Graphic file (type pdf)
<use ./figuras/Resultados/radiacion//SiCvsSi.pdf>
Package pdftex.def Info: ./figuras/Resultados/radiacion//SiCvsSi.pdf  used on i
nput line 736.
(pdftex.def)             Requested size: 153.64493pt x 112.80411pt.
 [30

 <./figuras/Resultados/radiacion//SiCvsSi_rad.pdf> <./figuras/Resultados/radiac
ion//SiCvsSi.pdf>]
<./figuras/Resultados/RelacionCondRad//SiC_Ge.png, id=2976, 370.0224pt x 308.35
2pt>
File: ./figuras/Resultados/RelacionCondRad//SiC_Ge.png Graphic file (type png)
<use ./figuras/Resultados/RelacionCondRad//SiC_Ge.png>
Package pdftex.def Info: ./figuras/Resultados/RelacionCondRad//SiC_Ge.png  used
 on input line 736.
(pdftex.def)             Requested size: 153.64493pt x 128.03897pt.
<./figuras/Resultados/RelacionCondRad//SiC_Rc.png, id=2977, 372.9132pt x 308.35
2pt>
File: ./figuras/Resultados/RelacionCondRad//SiC_Rc.png Graphic file (type png)
<use ./figuras/Resultados/RelacionCondRad//SiC_Rc.png>
Package pdftex.def Info: ./figuras/Resultados/RelacionCondRad//SiC_Rc.png  used
 on input line 736.
(pdftex.def)             Requested size: 153.64493pt x 127.0462pt.

Overfull \vbox (1.6627pt too high) detected at line 736
 []

[31

 <./figuras/Resultados/RelacionCondRad//SiC_Ge.png (PNG copy)> <./figuras/Resul
tados/RelacionCondRad//SiC_Rc.png (PNG copy)>]
<./figuras/Resultados/radiacion//SiCSiC.pdf, id=3009, 445.665pt x 302.12875pt>
File: ./figuras/Resultados/radiacion//SiCSiC.pdf Graphic file (type pdf)
<use ./figuras/Resultados/radiacion//SiCSiC.pdf>
Package pdftex.def Info: ./figuras/Resultados/radiacion//SiCSiC.pdf  used on in
put line 736.
(pdftex.def)             Requested size: 245.83282pt x 166.65538pt.
 [32

 <./figuras/Resultados/radiacion//SiCSiC.pdf>] (TFG_Slides.toc
LaTeX Info: Redefining \. on input line 1.
LaTeX Info: Redefining \% on input line 1.
) [33

] [34

] (TFG_Slides.toc
LaTeX Info: Redefining \. on input line 1.
LaTeX Info: Redefining \% on input line 1.
) [35

]
<./figuras/Resultados/DiffMatEsp//Prc_XxSiGe.pdf, id=3270, 386.44376pt x 315.17
75pt>
File: ./figuras/Resultados/DiffMatEsp//Prc_XxSiGe.pdf Graphic file (type pdf)
<use ./figuras/Resultados/DiffMatEsp//Prc_XxSiGe.pdf>
Package pdftex.def Info: ./figuras/Resultados/DiffMatEsp//Prc_XxSiGe.pdf  used 
on input line 820.
(pdftex.def)             Requested size: 153.64493pt x 125.3089pt.
<./figuras/Resultados/DiffMatEsp//Prc_XxSiO2Ge.pdf, id=3271, 380.42125pt x 315.
1775pt>
File: ./figuras/Resultados/DiffMatEsp//Prc_XxSiO2Ge.pdf Graphic file (type pdf)

<use ./figuras/Resultados/DiffMatEsp//Prc_XxSiO2Ge.pdf>
Package pdftex.def Info: ./figuras/Resultados/DiffMatEsp//Prc_XxSiO2Ge.pdf  use
d on input line 820.
(pdftex.def)             Requested size: 153.64493pt x 127.2951pt.

Overfull \vbox (5.87708pt too high) detected at line 820
 []

[36

 <./figuras/Resultados/DiffMatEsp//Prc_XxSiGe.pdf> <./figuras/Resultados/DiffMa
tEsp//Prc_XxSiO2Ge.pdf>]
<./figuras/Resultados/DiffMatEsp//rel_SiC.pdf, id=3399, 371.3875pt x 308.15125p
t>
File: ./figuras/Resultados/DiffMatEsp//rel_SiC.pdf Graphic file (type pdf)
<use ./figuras/Resultados/DiffMatEsp//rel_SiC.pdf>
Package pdftex.def Info: ./figuras/Resultados/DiffMatEsp//rel_SiC.pdf  used on 
input line 820.
(pdftex.def)             Requested size: 153.64493pt x 127.48541pt.
<./figuras/Resultados/DiffMatEsp//SiC_Rc.pdf, id=3400, 371.3875pt x 308.15125pt
>
File: ./figuras/Resultados/DiffMatEsp//SiC_Rc.pdf Graphic file (type pdf)
<use ./figuras/Resultados/DiffMatEsp//SiC_Rc.pdf>
Package pdftex.def Info: ./figuras/Resultados/DiffMatEsp//SiC_Rc.pdf  used on i
nput line 820.
(pdftex.def)             Requested size: 153.64493pt x 127.48541pt.

Overfull \vbox (8.05359pt too high) detected at line 820
 []

[37

 <./figuras/Resultados/DiffMatEsp//rel_SiC.pdf> <./figuras/Resultados/DiffMatEs
p//SiC_Rc.pdf>] (TFG_Slides.toc
LaTeX Info: Redefining \. on input line 1.
LaTeX Info: Redefining \% on input line 1.
) [38

] [39

] [40

] [41

] [42

] [43

] [44

] [45

]
[46

] [47

] [48

] [49

] (TFG_Slides.bbl) [50

 <C:/Users/marti/AppData/Local/Programs/MiKTeX/tex/latex/beamer/beamericonartic
le.pdf>] [51

]
\tf@nav=\write6
\openout6 = `TFG_Slides.nav'.

\tf@toc=\write7
\openout7 = `TFG_Slides.toc'.

\tf@snm=\write8
\openout8 = `TFG_Slides.snm'.

 (TFG_Slides.aux
LaTeX Info: Redefining \. on input line 22.
LaTeX Info: Redefining \% on input line 22.
)
Package rerunfilecheck Info: File `TFG_Slides.out' has not changed.
(rerunfilecheck)             Checksum: 2D2FBFB72F7125563AFE9B2339F3EBC6;1393.
 ) 
Here is how much of TeX's memory you used:
 26500 strings out of 478337
 535391 string characters out of 2836667
 780349 words of memory out of 3000000
 44204 multiletter control sequences out of 15000+600000
 485389 words of font info for 85 fonts, out of 8000000 for 9000
 1141 hyphenation exceptions out of 8191
 128i,15n,122p,416b,774s stack positions out of 10000i,1000n,20000p,200000b,80000s
<C:/Users/marti/AppData/Local/Programs/MiKTeX/fonts/type1/public/amsfonts/cm/
cmmi10.pfb><C:/Users/marti/AppData/Local/Programs/MiKTeX/fonts/type1/public/ams
fonts/cm/cmmi12.pfb><C:/Users/marti/AppData/Local/Programs/MiKTeX/fonts/type1/p
ublic/amsfonts/cm/cmmi7.pfb><C:/Users/marti/AppData/Local/Programs/MiKTeX/fonts
/type1/public/amsfonts/cm/cmmi9.pfb><C:/Users/marti/AppData/Local/Programs/MiKT
eX/fonts/type1/public/amsfonts/cm/cmss10.pfb><C:/Users/marti/AppData/Local/Prog
rams/MiKTeX/fonts/type1/public/amsfonts/cm/cmss12.pfb><C:/Users/marti/AppData/L
ocal/Programs/MiKTeX/fonts/type1/public/amsfonts/cm/cmss17.pfb><C:/Users/marti/
AppData/Local/Programs/MiKTeX/fonts/type1/public/amsfonts/cm/cmss8.pfb><C:/User
s/marti/AppData/Local/Programs/MiKTeX/fonts/type1/public/amsfonts/cm/cmss9.pfb>
<C:/Users/marti/AppData/Local/Programs/MiKTeX/fonts/type1/public/amsfonts/cm/cm
ssi10.pfb><C:/Users/marti/AppData/Local/Programs/MiKTeX/fonts/type1/public/amsf
onts/cm/cmssi12.pfb><C:/Users/marti/AppData/Local/Programs/MiKTeX/fonts/type1/p
ublic/amsfonts/cm/cmssi8.pfb><C:/Users/marti/AppData/Local/Programs/MiKTeX/font
s/type1/public/amsfonts/cm/cmssi9.pfb><C:/Users/marti/AppData/Local/Programs/Mi
KTeX/fonts/type1/public/amsfonts/cm/cmsy10.pfb><C:/Users/marti/AppData/Local/Pr
ograms/MiKTeX/fonts/type1/public/amsfonts/cm/cmsy6.pfb><C:/Users/marti/AppData/
Local/Programs/MiKTeX/fonts/type1/public/amsfonts/cm/cmsy7.pfb><C:/Users/marti/
AppData/Local/Programs/MiKTeX/fonts/type1/public/amsfonts/cm/cmsy8.pfb><C:/User
s/marti/AppData/Local/Programs/MiKTeX/fonts/type1/public/amsfonts/symbols/msam1
0.pfb>
Output written on TFG_Slides.pdf (51 pages, 5312929 bytes).
PDF statistics:
 4146 PDF objects out of 4296 (max. 8388607)
 128 named destinations out of 1000 (max. 500000)
 366 words of extra memory for PDF output out of 10000 (max. 10000000)

